<?xml version="1.0" encoding="UTF-8"?>
<!-- Generated by org.testng.reporters.JUnitReportReporter -->
<testsuite hostname="LAP_S_073" failures="0" tests="5" name="com.OrangeHRM.LoginTest" time="136.331" errors="0" timestamp="2025-09-09T18:51:07 IST" skipped="0">
  <testcase classname="com.OrangeHRM.LoginTest" name="testLogin" time="24.719"/>
  <testcase classname="com.OrangeHRM.LoginTest" name="testLogin" time="27.308"/>
  <testcase classname="com.OrangeHRM.LoginTest" name="testLogin" time="34.171"/>
  <testcase classname="com.OrangeHRM.LoginTest" name="testLogin" time="20.003"/>
  <testcase classname="com.OrangeHRM.LoginTest" name="testLogin" time="30.130"/>
</testsuite> <!-- com.OrangeHRM.LoginTest -->
