<?xml version="1.0" encoding="UTF-8"?>
<!-- Generated by org.testng.reporters.JUnitReportReporter -->
<testsuite hostname="LAP_S_073" failures="0" tests="1" name="com.BrowserStack.test.CheckoutTest" time="2.071" errors="0" timestamp="2025-09-13T19:37:36 IST" skipped="0">
  <testcase classname="com.BrowserStack.test.CheckoutTest" name="completeCheckoutTest" time="2.071"/>
</testsuite> <!-- com.BrowserStack.test.CheckoutTest -->
