<?xml version="1.0" encoding="UTF-8"?>
<!-- Generated by org.testng.reporters.JUnitReportReporter -->
<testsuite hostname="LAP_S_073" failures="0" tests="1" name="com.Mytests.ReadFromExcelMaven" time="0.028" errors="0" timestamp="2025-06-19T16:22:44 IST" skipped="0">
  <testcase classname="com.Mytests.ReadFromExcelMaven" name="readAllData" time="0.028"/>
</testsuite> <!-- com.Mytests.ReadFromExcelMaven -->
