<?xml version="1.0" encoding="UTF-8"?>
<!-- Generated by org.testng.reporters.JUnitReportReporter -->
<testsuite hostname="LAP_S_073" failures="0" tests="1" name="com.BrowserStack.test.ProductListTest" time="1.816" errors="0" timestamp="2025-09-13T19:37:36 IST" skipped="0">
  <testcase classname="com.BrowserStack.test.ProductListTest" name="listAllProductsTest" time="1.816"/>
</testsuite> <!-- com.BrowserStack.test.ProductListTest -->
