<?xml version="1.0" encoding="UTF-8"?>
<!-- Generated by org.testng.reporters.JUnitReportReporter -->
<testsuite hostname="LAP_S_073" failures="0" tests="1" name="com.Mytests.TestNGClassInMaven" time="4.270" errors="0" timestamp="2025-06-19T16:13:05 IST" skipped="0">
  <testcase classname="com.Mytests.TestNGClassInMaven" name="loginToOHRM1" time="4.270"/>
</testsuite> <!-- com.Mytests.TestNGClassInMaven -->
